CRITICAL - 2024-02-18 06:12:29 --> ErrorException: Undefined variable $datosUsuario
in APPPATH\Controllers\Users.php on line 54.
 1 APPPATH\Controllers\Users.php(54): CodeIgniter\Debug\Exceptions->errorHandler(2, 'Undefined variable $datosUsuario', 'C:\\xampp\\htdocs\\bookstore\\app\\Controllers\\Users.php', 54)
 2 SYSTEMPATH\CodeIgniter.php(941): App\Controllers\Users->register()
 3 SYSTEMPATH\CodeIgniter.php(502): CodeIgniter\CodeIgniter->runController(Object(App\Controllers\Users))
 4 SYSTEMPATH\CodeIgniter.php(361): CodeIgniter\CodeIgniter->handleRequest(null, Object(Config\Cache), false)
 5 FCPATH\index.php(79): CodeIgniter\CodeIgniter->run()
ERROR - 2024-02-18 20:55:38 --> mysqli_sql_exception: Column 'name' cannot be null in C:\xampp\htdocs\bookstore\system\Database\MySQLi\Connection.php:306
Stack trace:
#0 C:\xampp\htdocs\bookstore\system\Database\MySQLi\Connection.php(306): mysqli->query('INSERT INTO `us...', 0)
#1 C:\xampp\htdocs\bookstore\system\Database\BaseConnection.php(693): CodeIgniter\Database\MySQLi\Connection->execute('INSERT INTO `us...')
#2 C:\xampp\htdocs\bookstore\system\Database\BaseConnection.php(607): CodeIgniter\Database\BaseConnection->simpleQuery('INSERT INTO `us...')
#3 C:\xampp\htdocs\bookstore\system\Database\BaseBuilder.php(2307): CodeIgniter\Database\BaseConnection->query('INSERT INTO `us...', Array, false)
#4 C:\xampp\htdocs\bookstore\app\Controllers\Users.php(54): CodeIgniter\Database\BaseBuilder->insert(Array)
#5 C:\xampp\htdocs\bookstore\system\CodeIgniter.php(941): App\Controllers\Users->register()
#6 C:\xampp\htdocs\bookstore\system\CodeIgniter.php(502): CodeIgniter\CodeIgniter->runController(Object(App\Controllers\Users))
#7 C:\xampp\htdocs\bookstore\system\CodeIgniter.php(361): CodeIgniter\CodeIgniter->handleRequest(NULL, Object(Config\Cache), false)
#8 C:\xampp\htdocs\bookstore\public\index.php(79): CodeIgniter\CodeIgniter->run()
#9 {main}
CRITICAL - 2024-02-18 20:55:38 --> CodeIgniter\Database\Exceptions\DatabaseException: Column 'name' cannot be null
in SYSTEMPATH\Database\BaseConnection.php on line 647.
 1 SYSTEMPATH\Database\BaseBuilder.php(2307): CodeIgniter\Database\BaseConnection->query('INSERT INTO `user` (`username`, `password`, `name`) VALUES (:username:, :password:, :name:)', [...], false)
 2 APPPATH\Controllers\Users.php(54): CodeIgniter\Database\BaseBuilder->insert([...])
 3 SYSTEMPATH\CodeIgniter.php(941): App\Controllers\Users->register()
 4 SYSTEMPATH\CodeIgniter.php(502): CodeIgniter\CodeIgniter->runController(Object(App\Controllers\Users))
 5 SYSTEMPATH\CodeIgniter.php(361): CodeIgniter\CodeIgniter->handleRequest(null, Object(Config\Cache), false)
 6 FCPATH\index.php(79): CodeIgniter\CodeIgniter->run()
CRITICAL - 2024-02-18 20:55:38 --> [Caused by] CodeIgniter\Database\Exceptions\DatabaseException: Column 'name' cannot be null
in SYSTEMPATH\Database\MySQLi\Connection.php on line 311.
 1 SYSTEMPATH\Database\BaseConnection.php(693): CodeIgniter\Database\MySQLi\Connection->execute('INSERT INTO `user` (`username`, `password`, `name`) VALUES (\'Test\', \'test\', NULL)')
 2 SYSTEMPATH\Database\BaseConnection.php(607): CodeIgniter\Database\BaseConnection->simpleQuery('INSERT INTO `user` (`username`, `password`, `name`) VALUES (\'Test\', \'test\', NULL)')
 3 SYSTEMPATH\Database\BaseBuilder.php(2307): CodeIgniter\Database\BaseConnection->query('INSERT INTO `user` (`username`, `password`, `name`) VALUES (:username:, :password:, :name:)', [...], false)
 4 APPPATH\Controllers\Users.php(54): CodeIgniter\Database\BaseBuilder->insert([...])
 5 SYSTEMPATH\CodeIgniter.php(941): App\Controllers\Users->register()
 6 SYSTEMPATH\CodeIgniter.php(502): CodeIgniter\CodeIgniter->runController(Object(App\Controllers\Users))
 7 SYSTEMPATH\CodeIgniter.php(361): CodeIgniter\CodeIgniter->handleRequest(null, Object(Config\Cache), false)
 8 FCPATH\index.php(79): CodeIgniter\CodeIgniter->run()
CRITICAL - 2024-02-18 20:55:38 --> [Caused by] mysqli_sql_exception: Column 'name' cannot be null
in SYSTEMPATH\Database\MySQLi\Connection.php on line 306.
 1 SYSTEMPATH\Database\MySQLi\Connection.php(306): mysqli->query('INSERT INTO `user` (`username`, `password`, `name`) VALUES (\'Test\', \'test\', NULL)', 0)
 2 SYSTEMPATH\Database\BaseConnection.php(693): CodeIgniter\Database\MySQLi\Connection->execute('INSERT INTO `user` (`username`, `password`, `name`) VALUES (\'Test\', \'test\', NULL)')
 3 SYSTEMPATH\Database\BaseConnection.php(607): CodeIgniter\Database\BaseConnection->simpleQuery('INSERT INTO `user` (`username`, `password`, `name`) VALUES (\'Test\', \'test\', NULL)')
 4 SYSTEMPATH\Database\BaseBuilder.php(2307): CodeIgniter\Database\BaseConnection->query('INSERT INTO `user` (`username`, `password`, `name`) VALUES (:username:, :password:, :name:)', [...], false)
 5 APPPATH\Controllers\Users.php(54): CodeIgniter\Database\BaseBuilder->insert([...])
 6 SYSTEMPATH\CodeIgniter.php(941): App\Controllers\Users->register()
 7 SYSTEMPATH\CodeIgniter.php(502): CodeIgniter\CodeIgniter->runController(Object(App\Controllers\Users))
 8 SYSTEMPATH\CodeIgniter.php(361): CodeIgniter\CodeIgniter->handleRequest(null, Object(Config\Cache), false)
 9 FCPATH\index.php(79): CodeIgniter\CodeIgniter->run()
ERROR - 2024-02-18 20:57:22 --> mysqli_sql_exception: Unknown column 'nombre' in 'where clause' in C:\xampp\htdocs\bookstore\system\Database\MySQLi\Connection.php:306
Stack trace:
#0 C:\xampp\htdocs\bookstore\system\Database\MySQLi\Connection.php(306): mysqli->query('SELECT id FROM ...', 0)
#1 C:\xampp\htdocs\bookstore\system\Database\BaseConnection.php(693): CodeIgniter\Database\MySQLi\Connection->execute('SELECT id FROM ...')
#2 C:\xampp\htdocs\bookstore\system\Database\BaseConnection.php(607): CodeIgniter\Database\BaseConnection->simpleQuery('SELECT id FROM ...')
#3 C:\xampp\htdocs\bookstore\app\Controllers\NewBook.php(25): CodeIgniter\Database\BaseConnection->query('SELECT id FROM ...', Array)
#4 C:\xampp\htdocs\bookstore\system\CodeIgniter.php(941): App\Controllers\NewBook->register()
#5 C:\xampp\htdocs\bookstore\system\CodeIgniter.php(502): CodeIgniter\CodeIgniter->runController(Object(App\Controllers\NewBook))
#6 C:\xampp\htdocs\bookstore\system\CodeIgniter.php(361): CodeIgniter\CodeIgniter->handleRequest(NULL, Object(Config\Cache), false)
#7 C:\xampp\htdocs\bookstore\public\index.php(79): CodeIgniter\CodeIgniter->run()
#8 {main}
CRITICAL - 2024-02-18 20:57:22 --> CodeIgniter\Database\Exceptions\DatabaseException: Unknown column 'nombre' in 'where clause'
in SYSTEMPATH\Database\BaseConnection.php on line 647.
 1 APPPATH\Controllers\NewBook.php(25): CodeIgniter\Database\BaseConnection->query('SELECT id FROM category WHERE nombre = ?', [...])
 2 SYSTEMPATH\CodeIgniter.php(941): App\Controllers\NewBook->register()
 3 SYSTEMPATH\CodeIgniter.php(502): CodeIgniter\CodeIgniter->runController(Object(App\Controllers\NewBook))
 4 SYSTEMPATH\CodeIgniter.php(361): CodeIgniter\CodeIgniter->handleRequest(null, Object(Config\Cache), false)
 5 FCPATH\index.php(79): CodeIgniter\CodeIgniter->run()
CRITICAL - 2024-02-18 20:57:22 --> [Caused by] CodeIgniter\Database\Exceptions\DatabaseException: Unknown column 'nombre' in 'where clause'
in SYSTEMPATH\Database\MySQLi\Connection.php on line 311.
 1 SYSTEMPATH\Database\BaseConnection.php(693): CodeIgniter\Database\MySQLi\Connection->execute('SELECT id FROM category WHERE nombre = NULL')
 2 SYSTEMPATH\Database\BaseConnection.php(607): CodeIgniter\Database\BaseConnection->simpleQuery('SELECT id FROM category WHERE nombre = NULL')
 3 APPPATH\Controllers\NewBook.php(25): CodeIgniter\Database\BaseConnection->query('SELECT id FROM category WHERE nombre = ?', [...])
 4 SYSTEMPATH\CodeIgniter.php(941): App\Controllers\NewBook->register()
 5 SYSTEMPATH\CodeIgniter.php(502): CodeIgniter\CodeIgniter->runController(Object(App\Controllers\NewBook))
 6 SYSTEMPATH\CodeIgniter.php(361): CodeIgniter\CodeIgniter->handleRequest(null, Object(Config\Cache), false)
 7 FCPATH\index.php(79): CodeIgniter\CodeIgniter->run()
CRITICAL - 2024-02-18 20:57:22 --> [Caused by] mysqli_sql_exception: Unknown column 'nombre' in 'where clause'
in SYSTEMPATH\Database\MySQLi\Connection.php on line 306.
 1 SYSTEMPATH\Database\MySQLi\Connection.php(306): mysqli->query('SELECT id FROM category WHERE nombre = NULL', 0)
 2 SYSTEMPATH\Database\BaseConnection.php(693): CodeIgniter\Database\MySQLi\Connection->execute('SELECT id FROM category WHERE nombre = NULL')
 3 SYSTEMPATH\Database\BaseConnection.php(607): CodeIgniter\Database\BaseConnection->simpleQuery('SELECT id FROM category WHERE nombre = NULL')
 4 APPPATH\Controllers\NewBook.php(25): CodeIgniter\Database\BaseConnection->query('SELECT id FROM category WHERE nombre = ?', [...])
 5 SYSTEMPATH\CodeIgniter.php(941): App\Controllers\NewBook->register()
 6 SYSTEMPATH\CodeIgniter.php(502): CodeIgniter\CodeIgniter->runController(Object(App\Controllers\NewBook))
 7 SYSTEMPATH\CodeIgniter.php(361): CodeIgniter\CodeIgniter->handleRequest(null, Object(Config\Cache), false)
 8 FCPATH\index.php(79): CodeIgniter\CodeIgniter->run()
CRITICAL - 2024-02-18 20:58:13 --> Error: Object of class CodeIgniter\Database\MySQLi\Result could not be converted to string
in SYSTEMPATH\Database\Query.php on line 333.
 1 SYSTEMPATH\Database\Query.php(333): strtr('INSERT INTO `book` (`title`, `author`, `category`, `description`) VALUES (:title:, :author:, :category:, :description:)', [...])
 2 SYSTEMPATH\Database\Query.php(308): CodeIgniter\Database\Query->matchNamedBinds('INSERT INTO `book` (`title`, `author`, `category`, `description`) VALUES (:title:, :author:, :category:, :description:)', [...])
 3 SYSTEMPATH\Database\Query.php(159): CodeIgniter\Database\Query->compileBinds()
 4 SYSTEMPATH\Database\BaseConnection.php(607): CodeIgniter\Database\Query->getQuery()
 5 SYSTEMPATH\Database\BaseBuilder.php(2307): CodeIgniter\Database\BaseConnection->query('INSERT INTO `book` (`title`, `author`, `category`, `description`) VALUES (:title:, :author:, :category:, :description:)', [...], false)
 6 APPPATH\Controllers\NewBook.php(34): CodeIgniter\Database\BaseBuilder->insert([...])
 7 SYSTEMPATH\CodeIgniter.php(941): App\Controllers\NewBook->register()
 8 SYSTEMPATH\CodeIgniter.php(502): CodeIgniter\CodeIgniter->runController(Object(App\Controllers\NewBook))
 9 SYSTEMPATH\CodeIgniter.php(361): CodeIgniter\CodeIgniter->handleRequest(null, Object(Config\Cache), false)
10 FCPATH\index.php(79): CodeIgniter\CodeIgniter->run()
ERROR - 2024-02-18 21:00:24 --> mysqli_sql_exception: Unknown column 'category' in 'field list' in C:\xampp\htdocs\bookstore\system\Database\MySQLi\Connection.php:306
Stack trace:
#0 C:\xampp\htdocs\bookstore\system\Database\MySQLi\Connection.php(306): mysqli->query('INSERT INTO `bo...', 0)
#1 C:\xampp\htdocs\bookstore\system\Database\BaseConnection.php(693): CodeIgniter\Database\MySQLi\Connection->execute('INSERT INTO `bo...')
#2 C:\xampp\htdocs\bookstore\system\Database\BaseConnection.php(607): CodeIgniter\Database\BaseConnection->simpleQuery('INSERT INTO `bo...')
#3 C:\xampp\htdocs\bookstore\system\Database\BaseBuilder.php(2307): CodeIgniter\Database\BaseConnection->query('INSERT INTO `bo...', Array, false)
#4 C:\xampp\htdocs\bookstore\app\Controllers\NewBook.php(34): CodeIgniter\Database\BaseBuilder->insert(Array)
#5 C:\xampp\htdocs\bookstore\system\CodeIgniter.php(941): App\Controllers\NewBook->register()
#6 C:\xampp\htdocs\bookstore\system\CodeIgniter.php(502): CodeIgniter\CodeIgniter->runController(Object(App\Controllers\NewBook))
#7 C:\xampp\htdocs\bookstore\system\CodeIgniter.php(361): CodeIgniter\CodeIgniter->handleRequest(NULL, Object(Config\Cache), false)
#8 C:\xampp\htdocs\bookstore\public\index.php(79): CodeIgniter\CodeIgniter->run()
#9 {main}
CRITICAL - 2024-02-18 21:00:24 --> CodeIgniter\Database\Exceptions\DatabaseException: Unknown column 'category' in 'field list'
in SYSTEMPATH\Database\BaseConnection.php on line 647.
 1 SYSTEMPATH\Database\BaseBuilder.php(2307): CodeIgniter\Database\BaseConnection->query('INSERT INTO `book` (`title`, `author`, `category`, `description`) VALUES (:title:, :author:, :category:, :description:)', [...], false)
 2 APPPATH\Controllers\NewBook.php(34): CodeIgniter\Database\BaseBuilder->insert([...])
 3 SYSTEMPATH\CodeIgniter.php(941): App\Controllers\NewBook->register()
 4 SYSTEMPATH\CodeIgniter.php(502): CodeIgniter\CodeIgniter->runController(Object(App\Controllers\NewBook))
 5 SYSTEMPATH\CodeIgniter.php(361): CodeIgniter\CodeIgniter->handleRequest(null, Object(Config\Cache), false)
 6 FCPATH\index.php(79): CodeIgniter\CodeIgniter->run()
CRITICAL - 2024-02-18 21:00:24 --> [Caused by] CodeIgniter\Database\Exceptions\DatabaseException: Unknown column 'category' in 'field list'
in SYSTEMPATH\Database\MySQLi\Connection.php on line 311.
 1 SYSTEMPATH\Database\BaseConnection.php(693): CodeIgniter\Database\MySQLi\Connection->execute('INSERT INTO `book` (`title`, `author`, `category`, `description`) VALUES (NULL, NULL, 1, \'dfbdf\')')
 2 SYSTEMPATH\Database\BaseConnection.php(607): CodeIgniter\Database\BaseConnection->simpleQuery('INSERT INTO `book` (`title`, `author`, `category`, `description`) VALUES (NULL, NULL, 1, \'dfbdf\')')
 3 SYSTEMPATH\Database\BaseBuilder.php(2307): CodeIgniter\Database\BaseConnection->query('INSERT INTO `book` (`title`, `author`, `category`, `description`) VALUES (:title:, :author:, :category:, :description:)', [...], false)
 4 APPPATH\Controllers\NewBook.php(34): CodeIgniter\Database\BaseBuilder->insert([...])
 5 SYSTEMPATH\CodeIgniter.php(941): App\Controllers\NewBook->register()
 6 SYSTEMPATH\CodeIgniter.php(502): CodeIgniter\CodeIgniter->runController(Object(App\Controllers\NewBook))
 7 SYSTEMPATH\CodeIgniter.php(361): CodeIgniter\CodeIgniter->handleRequest(null, Object(Config\Cache), false)
 8 FCPATH\index.php(79): CodeIgniter\CodeIgniter->run()
CRITICAL - 2024-02-18 21:00:24 --> [Caused by] mysqli_sql_exception: Unknown column 'category' in 'field list'
in SYSTEMPATH\Database\MySQLi\Connection.php on line 306.
 1 SYSTEMPATH\Database\MySQLi\Connection.php(306): mysqli->query('INSERT INTO `book` (`title`, `author`, `category`, `description`) VALUES (NULL, NULL, 1, \'dfbdf\')', 0)
 2 SYSTEMPATH\Database\BaseConnection.php(693): CodeIgniter\Database\MySQLi\Connection->execute('INSERT INTO `book` (`title`, `author`, `category`, `description`) VALUES (NULL, NULL, 1, \'dfbdf\')')
 3 SYSTEMPATH\Database\BaseConnection.php(607): CodeIgniter\Database\BaseConnection->simpleQuery('INSERT INTO `book` (`title`, `author`, `category`, `description`) VALUES (NULL, NULL, 1, \'dfbdf\')')
 4 SYSTEMPATH\Database\BaseBuilder.php(2307): CodeIgniter\Database\BaseConnection->query('INSERT INTO `book` (`title`, `author`, `category`, `description`) VALUES (:title:, :author:, :category:, :description:)', [...], false)
 5 APPPATH\Controllers\NewBook.php(34): CodeIgniter\Database\BaseBuilder->insert([...])
 6 SYSTEMPATH\CodeIgniter.php(941): App\Controllers\NewBook->register()
 7 SYSTEMPATH\CodeIgniter.php(502): CodeIgniter\CodeIgniter->runController(Object(App\Controllers\NewBook))
 8 SYSTEMPATH\CodeIgniter.php(361): CodeIgniter\CodeIgniter->handleRequest(null, Object(Config\Cache), false)
 9 FCPATH\index.php(79): CodeIgniter\CodeIgniter->run()
ERROR - 2024-02-18 21:00:55 --> mysqli_sql_exception: Column 'title' cannot be null in C:\xampp\htdocs\bookstore\system\Database\MySQLi\Connection.php:306
Stack trace:
#0 C:\xampp\htdocs\bookstore\system\Database\MySQLi\Connection.php(306): mysqli->query('INSERT INTO `bo...', 0)
#1 C:\xampp\htdocs\bookstore\system\Database\BaseConnection.php(693): CodeIgniter\Database\MySQLi\Connection->execute('INSERT INTO `bo...')
#2 C:\xampp\htdocs\bookstore\system\Database\BaseConnection.php(607): CodeIgniter\Database\BaseConnection->simpleQuery('INSERT INTO `bo...')
#3 C:\xampp\htdocs\bookstore\system\Database\BaseBuilder.php(2307): CodeIgniter\Database\BaseConnection->query('INSERT INTO `bo...', Array, false)
#4 C:\xampp\htdocs\bookstore\app\Controllers\NewBook.php(34): CodeIgniter\Database\BaseBuilder->insert(Array)
#5 C:\xampp\htdocs\bookstore\system\CodeIgniter.php(941): App\Controllers\NewBook->register()
#6 C:\xampp\htdocs\bookstore\system\CodeIgniter.php(502): CodeIgniter\CodeIgniter->runController(Object(App\Controllers\NewBook))
#7 C:\xampp\htdocs\bookstore\system\CodeIgniter.php(361): CodeIgniter\CodeIgniter->handleRequest(NULL, Object(Config\Cache), false)
#8 C:\xampp\htdocs\bookstore\public\index.php(79): CodeIgniter\CodeIgniter->run()
#9 {main}
CRITICAL - 2024-02-18 21:00:55 --> CodeIgniter\Database\Exceptions\DatabaseException: Column 'title' cannot be null
in SYSTEMPATH\Database\BaseConnection.php on line 647.
 1 SYSTEMPATH\Database\BaseBuilder.php(2307): CodeIgniter\Database\BaseConnection->query('INSERT INTO `book` (`title`, `author`, `category_id`, `description`) VALUES (:title:, :author:, :category_id:, :description:)', [...], false)
 2 APPPATH\Controllers\NewBook.php(34): CodeIgniter\Database\BaseBuilder->insert([...])
 3 SYSTEMPATH\CodeIgniter.php(941): App\Controllers\NewBook->register()
 4 SYSTEMPATH\CodeIgniter.php(502): CodeIgniter\CodeIgniter->runController(Object(App\Controllers\NewBook))
 5 SYSTEMPATH\CodeIgniter.php(361): CodeIgniter\CodeIgniter->handleRequest(null, Object(Config\Cache), false)
 6 FCPATH\index.php(79): CodeIgniter\CodeIgniter->run()
CRITICAL - 2024-02-18 21:00:55 --> [Caused by] CodeIgniter\Database\Exceptions\DatabaseException: Column 'title' cannot be null
in SYSTEMPATH\Database\MySQLi\Connection.php on line 311.
 1 SYSTEMPATH\Database\BaseConnection.php(693): CodeIgniter\Database\MySQLi\Connection->execute('INSERT INTO `book` (`title`, `author`, `category_id`, `description`) VALUES (NULL, NULL, 1, \'dfbdf\')')
 2 SYSTEMPATH\Database\BaseConnection.php(607): CodeIgniter\Database\BaseConnection->simpleQuery('INSERT INTO `book` (`title`, `author`, `category_id`, `description`) VALUES (NULL, NULL, 1, \'dfbdf\')')
 3 SYSTEMPATH\Database\BaseBuilder.php(2307): CodeIgniter\Database\BaseConnection->query('INSERT INTO `book` (`title`, `author`, `category_id`, `description`) VALUES (:title:, :author:, :category_id:, :description:)', [...], false)
 4 APPPATH\Controllers\NewBook.php(34): CodeIgniter\Database\BaseBuilder->insert([...])
 5 SYSTEMPATH\CodeIgniter.php(941): App\Controllers\NewBook->register()
 6 SYSTEMPATH\CodeIgniter.php(502): CodeIgniter\CodeIgniter->runController(Object(App\Controllers\NewBook))
 7 SYSTEMPATH\CodeIgniter.php(361): CodeIgniter\CodeIgniter->handleRequest(null, Object(Config\Cache), false)
 8 FCPATH\index.php(79): CodeIgniter\CodeIgniter->run()
CRITICAL - 2024-02-18 21:00:55 --> [Caused by] mysqli_sql_exception: Column 'title' cannot be null
in SYSTEMPATH\Database\MySQLi\Connection.php on line 306.
 1 SYSTEMPATH\Database\MySQLi\Connection.php(306): mysqli->query('INSERT INTO `book` (`title`, `author`, `category_id`, `description`) VALUES (NULL, NULL, 1, \'dfbdf\')', 0)
 2 SYSTEMPATH\Database\BaseConnection.php(693): CodeIgniter\Database\MySQLi\Connection->execute('INSERT INTO `book` (`title`, `author`, `category_id`, `description`) VALUES (NULL, NULL, 1, \'dfbdf\')')
 3 SYSTEMPATH\Database\BaseConnection.php(607): CodeIgniter\Database\BaseConnection->simpleQuery('INSERT INTO `book` (`title`, `author`, `category_id`, `description`) VALUES (NULL, NULL, 1, \'dfbdf\')')
 4 SYSTEMPATH\Database\BaseBuilder.php(2307): CodeIgniter\Database\BaseConnection->query('INSERT INTO `book` (`title`, `author`, `category_id`, `description`) VALUES (:title:, :author:, :category_id:, :description:)', [...], false)
 5 APPPATH\Controllers\NewBook.php(34): CodeIgniter\Database\BaseBuilder->insert([...])
 6 SYSTEMPATH\CodeIgniter.php(941): App\Controllers\NewBook->register()
 7 SYSTEMPATH\CodeIgniter.php(502): CodeIgniter\CodeIgniter->runController(Object(App\Controllers\NewBook))
 8 SYSTEMPATH\CodeIgniter.php(361): CodeIgniter\CodeIgniter->handleRequest(null, Object(Config\Cache), false)
 9 FCPATH\index.php(79): CodeIgniter\CodeIgniter->run()
ERROR - 2024-02-18 21:01:18 --> mysqli_sql_exception: Column 'title' cannot be null in C:\xampp\htdocs\bookstore\system\Database\MySQLi\Connection.php:306
Stack trace:
#0 C:\xampp\htdocs\bookstore\system\Database\MySQLi\Connection.php(306): mysqli->query('INSERT INTO `bo...', 0)
#1 C:\xampp\htdocs\bookstore\system\Database\BaseConnection.php(693): CodeIgniter\Database\MySQLi\Connection->execute('INSERT INTO `bo...')
#2 C:\xampp\htdocs\bookstore\system\Database\BaseConnection.php(607): CodeIgniter\Database\BaseConnection->simpleQuery('INSERT INTO `bo...')
#3 C:\xampp\htdocs\bookstore\system\Database\BaseBuilder.php(2307): CodeIgniter\Database\BaseConnection->query('INSERT INTO `bo...', Array, false)
#4 C:\xampp\htdocs\bookstore\app\Controllers\NewBook.php(34): CodeIgniter\Database\BaseBuilder->insert(Array)
#5 C:\xampp\htdocs\bookstore\system\CodeIgniter.php(941): App\Controllers\NewBook->register()
#6 C:\xampp\htdocs\bookstore\system\CodeIgniter.php(502): CodeIgniter\CodeIgniter->runController(Object(App\Controllers\NewBook))
#7 C:\xampp\htdocs\bookstore\system\CodeIgniter.php(361): CodeIgniter\CodeIgniter->handleRequest(NULL, Object(Config\Cache), false)
#8 C:\xampp\htdocs\bookstore\public\index.php(79): CodeIgniter\CodeIgniter->run()
#9 {main}
CRITICAL - 2024-02-18 21:01:18 --> CodeIgniter\Database\Exceptions\DatabaseException: Column 'title' cannot be null
in SYSTEMPATH\Database\BaseConnection.php on line 647.
 1 SYSTEMPATH\Database\BaseBuilder.php(2307): CodeIgniter\Database\BaseConnection->query('INSERT INTO `book` (`title`, `author`, `category_id`, `description`) VALUES (:title:, :author:, :category_id:, :description:)', [...], false)
 2 APPPATH\Controllers\NewBook.php(34): CodeIgniter\Database\BaseBuilder->insert([...])
 3 SYSTEMPATH\CodeIgniter.php(941): App\Controllers\NewBook->register()
 4 SYSTEMPATH\CodeIgniter.php(502): CodeIgniter\CodeIgniter->runController(Object(App\Controllers\NewBook))
 5 SYSTEMPATH\CodeIgniter.php(361): CodeIgniter\CodeIgniter->handleRequest(null, Object(Config\Cache), false)
 6 FCPATH\index.php(79): CodeIgniter\CodeIgniter->run()
CRITICAL - 2024-02-18 21:01:18 --> [Caused by] CodeIgniter\Database\Exceptions\DatabaseException: Column 'title' cannot be null
in SYSTEMPATH\Database\MySQLi\Connection.php on line 311.
 1 SYSTEMPATH\Database\BaseConnection.php(693): CodeIgniter\Database\MySQLi\Connection->execute('INSERT INTO `book` (`title`, `author`, `category_id`, `description`) VALUES (NULL, NULL, 1, \'dfbdf\')')
 2 SYSTEMPATH\Database\BaseConnection.php(607): CodeIgniter\Database\BaseConnection->simpleQuery('INSERT INTO `book` (`title`, `author`, `category_id`, `description`) VALUES (NULL, NULL, 1, \'dfbdf\')')
 3 SYSTEMPATH\Database\BaseBuilder.php(2307): CodeIgniter\Database\BaseConnection->query('INSERT INTO `book` (`title`, `author`, `category_id`, `description`) VALUES (:title:, :author:, :category_id:, :description:)', [...], false)
 4 APPPATH\Controllers\NewBook.php(34): CodeIgniter\Database\BaseBuilder->insert([...])
 5 SYSTEMPATH\CodeIgniter.php(941): App\Controllers\NewBook->register()
 6 SYSTEMPATH\CodeIgniter.php(502): CodeIgniter\CodeIgniter->runController(Object(App\Controllers\NewBook))
 7 SYSTEMPATH\CodeIgniter.php(361): CodeIgniter\CodeIgniter->handleRequest(null, Object(Config\Cache), false)
 8 FCPATH\index.php(79): CodeIgniter\CodeIgniter->run()
CRITICAL - 2024-02-18 21:01:18 --> [Caused by] mysqli_sql_exception: Column 'title' cannot be null
in SYSTEMPATH\Database\MySQLi\Connection.php on line 306.
 1 SYSTEMPATH\Database\MySQLi\Connection.php(306): mysqli->query('INSERT INTO `book` (`title`, `author`, `category_id`, `description`) VALUES (NULL, NULL, 1, \'dfbdf\')', 0)
 2 SYSTEMPATH\Database\BaseConnection.php(693): CodeIgniter\Database\MySQLi\Connection->execute('INSERT INTO `book` (`title`, `author`, `category_id`, `description`) VALUES (NULL, NULL, 1, \'dfbdf\')')
 3 SYSTEMPATH\Database\BaseConnection.php(607): CodeIgniter\Database\BaseConnection->simpleQuery('INSERT INTO `book` (`title`, `author`, `category_id`, `description`) VALUES (NULL, NULL, 1, \'dfbdf\')')
 4 SYSTEMPATH\Database\BaseBuilder.php(2307): CodeIgniter\Database\BaseConnection->query('INSERT INTO `book` (`title`, `author`, `category_id`, `description`) VALUES (:title:, :author:, :category_id:, :description:)', [...], false)
 5 APPPATH\Controllers\NewBook.php(34): CodeIgniter\Database\BaseBuilder->insert([...])
 6 SYSTEMPATH\CodeIgniter.php(941): App\Controllers\NewBook->register()
 7 SYSTEMPATH\CodeIgniter.php(502): CodeIgniter\CodeIgniter->runController(Object(App\Controllers\NewBook))
 8 SYSTEMPATH\CodeIgniter.php(361): CodeIgniter\CodeIgniter->handleRequest(null, Object(Config\Cache), false)
 9 FCPATH\index.php(79): CodeIgniter\CodeIgniter->run()
ERROR - 2024-02-18 21:02:56 --> mysqli_sql_exception: Column 'description' cannot be null in C:\xampp\htdocs\bookstore\system\Database\MySQLi\Connection.php:306
Stack trace:
#0 C:\xampp\htdocs\bookstore\system\Database\MySQLi\Connection.php(306): mysqli->query('INSERT INTO `bo...', 0)
#1 C:\xampp\htdocs\bookstore\system\Database\BaseConnection.php(693): CodeIgniter\Database\MySQLi\Connection->execute('INSERT INTO `bo...')
#2 C:\xampp\htdocs\bookstore\system\Database\BaseConnection.php(607): CodeIgniter\Database\BaseConnection->simpleQuery('INSERT INTO `bo...')
#3 C:\xampp\htdocs\bookstore\system\Database\BaseBuilder.php(2307): CodeIgniter\Database\BaseConnection->query('INSERT INTO `bo...', Array, false)
#4 C:\xampp\htdocs\bookstore\app\Controllers\NewBook.php(34): CodeIgniter\Database\BaseBuilder->insert(Array)
#5 C:\xampp\htdocs\bookstore\system\CodeIgniter.php(941): App\Controllers\NewBook->register()
#6 C:\xampp\htdocs\bookstore\system\CodeIgniter.php(502): CodeIgniter\CodeIgniter->runController(Object(App\Controllers\NewBook))
#7 C:\xampp\htdocs\bookstore\system\CodeIgniter.php(361): CodeIgniter\CodeIgniter->handleRequest(NULL, Object(Config\Cache), false)
#8 C:\xampp\htdocs\bookstore\public\index.php(79): CodeIgniter\CodeIgniter->run()
#9 {main}
CRITICAL - 2024-02-18 21:02:56 --> CodeIgniter\Database\Exceptions\DatabaseException: Column 'description' cannot be null
in SYSTEMPATH\Database\BaseConnection.php on line 647.
 1 SYSTEMPATH\Database\BaseBuilder.php(2307): CodeIgniter\Database\BaseConnection->query('INSERT INTO `book` (`title`, `author`, `category_id`, `description`) VALUES (:title:, :author:, :category_id:, :description:)', [...], false)
 2 APPPATH\Controllers\NewBook.php(34): CodeIgniter\Database\BaseBuilder->insert([...])
 3 SYSTEMPATH\CodeIgniter.php(941): App\Controllers\NewBook->register()
 4 SYSTEMPATH\CodeIgniter.php(502): CodeIgniter\CodeIgniter->runController(Object(App\Controllers\NewBook))
 5 SYSTEMPATH\CodeIgniter.php(361): CodeIgniter\CodeIgniter->handleRequest(null, Object(Config\Cache), false)
 6 FCPATH\index.php(79): CodeIgniter\CodeIgniter->run()
CRITICAL - 2024-02-18 21:02:56 --> [Caused by] CodeIgniter\Database\Exceptions\DatabaseException: Column 'description' cannot be null
in SYSTEMPATH\Database\MySQLi\Connection.php on line 311.
 1 SYSTEMPATH\Database\BaseConnection.php(693): CodeIgniter\Database\MySQLi\Connection->execute('INSERT INTO `book` (`title`, `author`, `category_id`, `description`) VALUES (\'The last king\', \'Carlos Ospina\', 1, NULL)')
 2 SYSTEMPATH\Database\BaseConnection.php(607): CodeIgniter\Database\BaseConnection->simpleQuery('INSERT INTO `book` (`title`, `author`, `category_id`, `description`) VALUES (\'The last king\', \'Carlos Ospina\', 1, NULL)')
 3 SYSTEMPATH\Database\BaseBuilder.php(2307): CodeIgniter\Database\BaseConnection->query('INSERT INTO `book` (`title`, `author`, `category_id`, `description`) VALUES (:title:, :author:, :category_id:, :description:)', [...], false)
 4 APPPATH\Controllers\NewBook.php(34): CodeIgniter\Database\BaseBuilder->insert([...])
 5 SYSTEMPATH\CodeIgniter.php(941): App\Controllers\NewBook->register()
 6 SYSTEMPATH\CodeIgniter.php(502): CodeIgniter\CodeIgniter->runController(Object(App\Controllers\NewBook))
 7 SYSTEMPATH\CodeIgniter.php(361): CodeIgniter\CodeIgniter->handleRequest(null, Object(Config\Cache), false)
 8 FCPATH\index.php(79): CodeIgniter\CodeIgniter->run()
CRITICAL - 2024-02-18 21:02:56 --> [Caused by] mysqli_sql_exception: Column 'description' cannot be null
in SYSTEMPATH\Database\MySQLi\Connection.php on line 306.
 1 SYSTEMPATH\Database\MySQLi\Connection.php(306): mysqli->query('INSERT INTO `book` (`title`, `author`, `category_id`, `description`) VALUES (\'The last king\', \'Carlos Ospina\', 1, NULL)', 0)
 2 SYSTEMPATH\Database\BaseConnection.php(693): CodeIgniter\Database\MySQLi\Connection->execute('INSERT INTO `book` (`title`, `author`, `category_id`, `description`) VALUES (\'The last king\', \'Carlos Ospina\', 1, NULL)')
 3 SYSTEMPATH\Database\BaseConnection.php(607): CodeIgniter\Database\BaseConnection->simpleQuery('INSERT INTO `book` (`title`, `author`, `category_id`, `description`) VALUES (\'The last king\', \'Carlos Ospina\', 1, NULL)')
 4 SYSTEMPATH\Database\BaseBuilder.php(2307): CodeIgniter\Database\BaseConnection->query('INSERT INTO `book` (`title`, `author`, `category_id`, `description`) VALUES (:title:, :author:, :category_id:, :description:)', [...], false)
 5 APPPATH\Controllers\NewBook.php(34): CodeIgniter\Database\BaseBuilder->insert([...])
 6 SYSTEMPATH\CodeIgniter.php(941): App\Controllers\NewBook->register()
 7 SYSTEMPATH\CodeIgniter.php(502): CodeIgniter\CodeIgniter->runController(Object(App\Controllers\NewBook))
 8 SYSTEMPATH\CodeIgniter.php(361): CodeIgniter\CodeIgniter->handleRequest(null, Object(Config\Cache), false)
 9 FCPATH\index.php(79): CodeIgniter\CodeIgniter->run()
ERROR - 2024-02-18 21:04:18 --> mysqli_sql_exception: Column 'description' cannot be null in C:\xampp\htdocs\bookstore\system\Database\MySQLi\Connection.php:306
Stack trace:
#0 C:\xampp\htdocs\bookstore\system\Database\MySQLi\Connection.php(306): mysqli->query('INSERT INTO `bo...', 0)
#1 C:\xampp\htdocs\bookstore\system\Database\BaseConnection.php(693): CodeIgniter\Database\MySQLi\Connection->execute('INSERT INTO `bo...')
#2 C:\xampp\htdocs\bookstore\system\Database\BaseConnection.php(607): CodeIgniter\Database\BaseConnection->simpleQuery('INSERT INTO `bo...')
#3 C:\xampp\htdocs\bookstore\system\Database\BaseBuilder.php(2307): CodeIgniter\Database\BaseConnection->query('INSERT INTO `bo...', Array, false)
#4 C:\xampp\htdocs\bookstore\app\Controllers\NewBook.php(34): CodeIgniter\Database\BaseBuilder->insert(Array)
#5 C:\xampp\htdocs\bookstore\system\CodeIgniter.php(941): App\Controllers\NewBook->register()
#6 C:\xampp\htdocs\bookstore\system\CodeIgniter.php(502): CodeIgniter\CodeIgniter->runController(Object(App\Controllers\NewBook))
#7 C:\xampp\htdocs\bookstore\system\CodeIgniter.php(361): CodeIgniter\CodeIgniter->handleRequest(NULL, Object(Config\Cache), false)
#8 C:\xampp\htdocs\bookstore\public\index.php(79): CodeIgniter\CodeIgniter->run()
#9 {main}
CRITICAL - 2024-02-18 21:04:18 --> CodeIgniter\Database\Exceptions\DatabaseException: Column 'description' cannot be null
in SYSTEMPATH\Database\BaseConnection.php on line 647.
 1 SYSTEMPATH\Database\BaseBuilder.php(2307): CodeIgniter\Database\BaseConnection->query('INSERT INTO `book` (`title`, `author`, `category_id`, `description`) VALUES (:title:, :author:, :category_id:, :description:)', [...], false)
 2 APPPATH\Controllers\NewBook.php(34): CodeIgniter\Database\BaseBuilder->insert([...])
 3 SYSTEMPATH\CodeIgniter.php(941): App\Controllers\NewBook->register()
 4 SYSTEMPATH\CodeIgniter.php(502): CodeIgniter\CodeIgniter->runController(Object(App\Controllers\NewBook))
 5 SYSTEMPATH\CodeIgniter.php(361): CodeIgniter\CodeIgniter->handleRequest(null, Object(Config\Cache), false)
 6 FCPATH\index.php(79): CodeIgniter\CodeIgniter->run()
CRITICAL - 2024-02-18 21:04:18 --> [Caused by] CodeIgniter\Database\Exceptions\DatabaseException: Column 'description' cannot be null
in SYSTEMPATH\Database\MySQLi\Connection.php on line 311.
 1 SYSTEMPATH\Database\BaseConnection.php(693): CodeIgniter\Database\MySQLi\Connection->execute('INSERT INTO `book` (`title`, `author`, `category_id`, `description`) VALUES (\'The Last King\', \'Carlos Ospina\', 1, NULL)')
 2 SYSTEMPATH\Database\BaseConnection.php(607): CodeIgniter\Database\BaseConnection->simpleQuery('INSERT INTO `book` (`title`, `author`, `category_id`, `description`) VALUES (\'The Last King\', \'Carlos Ospina\', 1, NULL)')
 3 SYSTEMPATH\Database\BaseBuilder.php(2307): CodeIgniter\Database\BaseConnection->query('INSERT INTO `book` (`title`, `author`, `category_id`, `description`) VALUES (:title:, :author:, :category_id:, :description:)', [...], false)
 4 APPPATH\Controllers\NewBook.php(34): CodeIgniter\Database\BaseBuilder->insert([...])
 5 SYSTEMPATH\CodeIgniter.php(941): App\Controllers\NewBook->register()
 6 SYSTEMPATH\CodeIgniter.php(502): CodeIgniter\CodeIgniter->runController(Object(App\Controllers\NewBook))
 7 SYSTEMPATH\CodeIgniter.php(361): CodeIgniter\CodeIgniter->handleRequest(null, Object(Config\Cache), false)
 8 FCPATH\index.php(79): CodeIgniter\CodeIgniter->run()
CRITICAL - 2024-02-18 21:04:18 --> [Caused by] mysqli_sql_exception: Column 'description' cannot be null
in SYSTEMPATH\Database\MySQLi\Connection.php on line 306.
 1 SYSTEMPATH\Database\MySQLi\Connection.php(306): mysqli->query('INSERT INTO `book` (`title`, `author`, `category_id`, `description`) VALUES (\'The Last King\', \'Carlos Ospina\', 1, NULL)', 0)
 2 SYSTEMPATH\Database\BaseConnection.php(693): CodeIgniter\Database\MySQLi\Connection->execute('INSERT INTO `book` (`title`, `author`, `category_id`, `description`) VALUES (\'The Last King\', \'Carlos Ospina\', 1, NULL)')
 3 SYSTEMPATH\Database\BaseConnection.php(607): CodeIgniter\Database\BaseConnection->simpleQuery('INSERT INTO `book` (`title`, `author`, `category_id`, `description`) VALUES (\'The Last King\', \'Carlos Ospina\', 1, NULL)')
 4 SYSTEMPATH\Database\BaseBuilder.php(2307): CodeIgniter\Database\BaseConnection->query('INSERT INTO `book` (`title`, `author`, `category_id`, `description`) VALUES (:title:, :author:, :category_id:, :description:)', [...], false)
 5 APPPATH\Controllers\NewBook.php(34): CodeIgniter\Database\BaseBuilder->insert([...])
 6 SYSTEMPATH\CodeIgniter.php(941): App\Controllers\NewBook->register()
 7 SYSTEMPATH\CodeIgniter.php(502): CodeIgniter\CodeIgniter->runController(Object(App\Controllers\NewBook))
 8 SYSTEMPATH\CodeIgniter.php(361): CodeIgniter\CodeIgniter->handleRequest(null, Object(Config\Cache), false)
 9 FCPATH\index.php(79): CodeIgniter\CodeIgniter->run()
ERROR - 2024-02-18 21:05:23 --> mysqli_sql_exception: Column 'description' cannot be null in C:\xampp\htdocs\bookstore\system\Database\MySQLi\Connection.php:306
Stack trace:
#0 C:\xampp\htdocs\bookstore\system\Database\MySQLi\Connection.php(306): mysqli->query('INSERT INTO `bo...', 0)
#1 C:\xampp\htdocs\bookstore\system\Database\BaseConnection.php(693): CodeIgniter\Database\MySQLi\Connection->execute('INSERT INTO `bo...')
#2 C:\xampp\htdocs\bookstore\system\Database\BaseConnection.php(607): CodeIgniter\Database\BaseConnection->simpleQuery('INSERT INTO `bo...')
#3 C:\xampp\htdocs\bookstore\system\Database\BaseBuilder.php(2307): CodeIgniter\Database\BaseConnection->query('INSERT INTO `bo...', Array, false)
#4 C:\xampp\htdocs\bookstore\app\Controllers\NewBook.php(34): CodeIgniter\Database\BaseBuilder->insert(Array)
#5 C:\xampp\htdocs\bookstore\system\CodeIgniter.php(941): App\Controllers\NewBook->register()
#6 C:\xampp\htdocs\bookstore\system\CodeIgniter.php(502): CodeIgniter\CodeIgniter->runController(Object(App\Controllers\NewBook))
#7 C:\xampp\htdocs\bookstore\system\CodeIgniter.php(361): CodeIgniter\CodeIgniter->handleRequest(NULL, Object(Config\Cache), false)
#8 C:\xampp\htdocs\bookstore\public\index.php(79): CodeIgniter\CodeIgniter->run()
#9 {main}
CRITICAL - 2024-02-18 21:05:23 --> CodeIgniter\Database\Exceptions\DatabaseException: Column 'description' cannot be null
in SYSTEMPATH\Database\BaseConnection.php on line 647.
 1 SYSTEMPATH\Database\BaseBuilder.php(2307): CodeIgniter\Database\BaseConnection->query('INSERT INTO `book` (`title`, `author`, `category_id`, `description`) VALUES (:title:, :author:, :category_id:, :description:)', [...], false)
 2 APPPATH\Controllers\NewBook.php(34): CodeIgniter\Database\BaseBuilder->insert([...])
 3 SYSTEMPATH\CodeIgniter.php(941): App\Controllers\NewBook->register()
 4 SYSTEMPATH\CodeIgniter.php(502): CodeIgniter\CodeIgniter->runController(Object(App\Controllers\NewBook))
 5 SYSTEMPATH\CodeIgniter.php(361): CodeIgniter\CodeIgniter->handleRequest(null, Object(Config\Cache), false)
 6 FCPATH\index.php(79): CodeIgniter\CodeIgniter->run()
CRITICAL - 2024-02-18 21:05:23 --> [Caused by] CodeIgniter\Database\Exceptions\DatabaseException: Column 'description' cannot be null
in SYSTEMPATH\Database\MySQLi\Connection.php on line 311.
 1 SYSTEMPATH\Database\BaseConnection.php(693): CodeIgniter\Database\MySQLi\Connection->execute('INSERT INTO `book` (`title`, `author`, `category_id`, `description`) VALUES (\'The Last King\', \'Juan Manuel\', 1, NULL)')
 2 SYSTEMPATH\Database\BaseConnection.php(607): CodeIgniter\Database\BaseConnection->simpleQuery('INSERT INTO `book` (`title`, `author`, `category_id`, `description`) VALUES (\'The Last King\', \'Juan Manuel\', 1, NULL)')
 3 SYSTEMPATH\Database\BaseBuilder.php(2307): CodeIgniter\Database\BaseConnection->query('INSERT INTO `book` (`title`, `author`, `category_id`, `description`) VALUES (:title:, :author:, :category_id:, :description:)', [...], false)
 4 APPPATH\Controllers\NewBook.php(34): CodeIgniter\Database\BaseBuilder->insert([...])
 5 SYSTEMPATH\CodeIgniter.php(941): App\Controllers\NewBook->register()
 6 SYSTEMPATH\CodeIgniter.php(502): CodeIgniter\CodeIgniter->runController(Object(App\Controllers\NewBook))
 7 SYSTEMPATH\CodeIgniter.php(361): CodeIgniter\CodeIgniter->handleRequest(null, Object(Config\Cache), false)
 8 FCPATH\index.php(79): CodeIgniter\CodeIgniter->run()
CRITICAL - 2024-02-18 21:05:23 --> [Caused by] mysqli_sql_exception: Column 'description' cannot be null
in SYSTEMPATH\Database\MySQLi\Connection.php on line 306.
 1 SYSTEMPATH\Database\MySQLi\Connection.php(306): mysqli->query('INSERT INTO `book` (`title`, `author`, `category_id`, `description`) VALUES (\'The Last King\', \'Juan Manuel\', 1, NULL)', 0)
 2 SYSTEMPATH\Database\BaseConnection.php(693): CodeIgniter\Database\MySQLi\Connection->execute('INSERT INTO `book` (`title`, `author`, `category_id`, `description`) VALUES (\'The Last King\', \'Juan Manuel\', 1, NULL)')
 3 SYSTEMPATH\Database\BaseConnection.php(607): CodeIgniter\Database\BaseConnection->simpleQuery('INSERT INTO `book` (`title`, `author`, `category_id`, `description`) VALUES (\'The Last King\', \'Juan Manuel\', 1, NULL)')
 4 SYSTEMPATH\Database\BaseBuilder.php(2307): CodeIgniter\Database\BaseConnection->query('INSERT INTO `book` (`title`, `author`, `category_id`, `description`) VALUES (:title:, :author:, :category_id:, :description:)', [...], false)
 5 APPPATH\Controllers\NewBook.php(34): CodeIgniter\Database\BaseBuilder->insert([...])
 6 SYSTEMPATH\CodeIgniter.php(941): App\Controllers\NewBook->register()
 7 SYSTEMPATH\CodeIgniter.php(502): CodeIgniter\CodeIgniter->runController(Object(App\Controllers\NewBook))
 8 SYSTEMPATH\CodeIgniter.php(361): CodeIgniter\CodeIgniter->handleRequest(null, Object(Config\Cache), false)
 9 FCPATH\index.php(79): CodeIgniter\CodeIgniter->run()
ERROR - 2024-02-18 21:07:24 --> mysqli_sql_exception: Column 'description' cannot be null in C:\xampp\htdocs\bookstore\system\Database\MySQLi\Connection.php:306
Stack trace:
#0 C:\xampp\htdocs\bookstore\system\Database\MySQLi\Connection.php(306): mysqli->query('INSERT INTO `bo...', 0)
#1 C:\xampp\htdocs\bookstore\system\Database\BaseConnection.php(693): CodeIgniter\Database\MySQLi\Connection->execute('INSERT INTO `bo...')
#2 C:\xampp\htdocs\bookstore\system\Database\BaseConnection.php(607): CodeIgniter\Database\BaseConnection->simpleQuery('INSERT INTO `bo...')
#3 C:\xampp\htdocs\bookstore\system\Database\BaseBuilder.php(2307): CodeIgniter\Database\BaseConnection->query('INSERT INTO `bo...', Array, false)
#4 C:\xampp\htdocs\bookstore\app\Controllers\NewBook.php(34): CodeIgniter\Database\BaseBuilder->insert(Array)
#5 C:\xampp\htdocs\bookstore\system\CodeIgniter.php(941): App\Controllers\NewBook->register()
#6 C:\xampp\htdocs\bookstore\system\CodeIgniter.php(502): CodeIgniter\CodeIgniter->runController(Object(App\Controllers\NewBook))
#7 C:\xampp\htdocs\bookstore\system\CodeIgniter.php(361): CodeIgniter\CodeIgniter->handleRequest(NULL, Object(Config\Cache), false)
#8 C:\xampp\htdocs\bookstore\public\index.php(79): CodeIgniter\CodeIgniter->run()
#9 {main}
CRITICAL - 2024-02-18 21:07:24 --> CodeIgniter\Database\Exceptions\DatabaseException: Column 'description' cannot be null
in SYSTEMPATH\Database\BaseConnection.php on line 647.
 1 SYSTEMPATH\Database\BaseBuilder.php(2307): CodeIgniter\Database\BaseConnection->query('INSERT INTO `book` (`title`, `author`, `category_id`, `description`) VALUES (:title:, :author:, :category_id:, :description:)', [...], false)
 2 APPPATH\Controllers\NewBook.php(34): CodeIgniter\Database\BaseBuilder->insert([...])
 3 SYSTEMPATH\CodeIgniter.php(941): App\Controllers\NewBook->register()
 4 SYSTEMPATH\CodeIgniter.php(502): CodeIgniter\CodeIgniter->runController(Object(App\Controllers\NewBook))
 5 SYSTEMPATH\CodeIgniter.php(361): CodeIgniter\CodeIgniter->handleRequest(null, Object(Config\Cache), false)
 6 FCPATH\index.php(79): CodeIgniter\CodeIgniter->run()
CRITICAL - 2024-02-18 21:07:24 --> [Caused by] CodeIgniter\Database\Exceptions\DatabaseException: Column 'description' cannot be null
in SYSTEMPATH\Database\MySQLi\Connection.php on line 311.
 1 SYSTEMPATH\Database\BaseConnection.php(693): CodeIgniter\Database\MySQLi\Connection->execute('INSERT INTO `book` (`title`, `author`, `category_id`, `description`) VALUES (\'The last\', \'carlos\', 1, NULL)')
 2 SYSTEMPATH\Database\BaseConnection.php(607): CodeIgniter\Database\BaseConnection->simpleQuery('INSERT INTO `book` (`title`, `author`, `category_id`, `description`) VALUES (\'The last\', \'carlos\', 1, NULL)')
 3 SYSTEMPATH\Database\BaseBuilder.php(2307): CodeIgniter\Database\BaseConnection->query('INSERT INTO `book` (`title`, `author`, `category_id`, `description`) VALUES (:title:, :author:, :category_id:, :description:)', [...], false)
 4 APPPATH\Controllers\NewBook.php(34): CodeIgniter\Database\BaseBuilder->insert([...])
 5 SYSTEMPATH\CodeIgniter.php(941): App\Controllers\NewBook->register()
 6 SYSTEMPATH\CodeIgniter.php(502): CodeIgniter\CodeIgniter->runController(Object(App\Controllers\NewBook))
 7 SYSTEMPATH\CodeIgniter.php(361): CodeIgniter\CodeIgniter->handleRequest(null, Object(Config\Cache), false)
 8 FCPATH\index.php(79): CodeIgniter\CodeIgniter->run()
CRITICAL - 2024-02-18 21:07:24 --> [Caused by] mysqli_sql_exception: Column 'description' cannot be null
in SYSTEMPATH\Database\MySQLi\Connection.php on line 306.
 1 SYSTEMPATH\Database\MySQLi\Connection.php(306): mysqli->query('INSERT INTO `book` (`title`, `author`, `category_id`, `description`) VALUES (\'The last\', \'carlos\', 1, NULL)', 0)
 2 SYSTEMPATH\Database\BaseConnection.php(693): CodeIgniter\Database\MySQLi\Connection->execute('INSERT INTO `book` (`title`, `author`, `category_id`, `description`) VALUES (\'The last\', \'carlos\', 1, NULL)')
 3 SYSTEMPATH\Database\BaseConnection.php(607): CodeIgniter\Database\BaseConnection->simpleQuery('INSERT INTO `book` (`title`, `author`, `category_id`, `description`) VALUES (\'The last\', \'carlos\', 1, NULL)')
 4 SYSTEMPATH\Database\BaseBuilder.php(2307): CodeIgniter\Database\BaseConnection->query('INSERT INTO `book` (`title`, `author`, `category_id`, `description`) VALUES (:title:, :author:, :category_id:, :description:)', [...], false)
 5 APPPATH\Controllers\NewBook.php(34): CodeIgniter\Database\BaseBuilder->insert([...])
 6 SYSTEMPATH\CodeIgniter.php(941): App\Controllers\NewBook->register()
 7 SYSTEMPATH\CodeIgniter.php(502): CodeIgniter\CodeIgniter->runController(Object(App\Controllers\NewBook))
 8 SYSTEMPATH\CodeIgniter.php(361): CodeIgniter\CodeIgniter->handleRequest(null, Object(Config\Cache), false)
 9 FCPATH\index.php(79): CodeIgniter\CodeIgniter->run()
ERROR - 2024-02-18 21:08:56 --> mysqli_sql_exception: Column 'description' cannot be null in C:\xampp\htdocs\bookstore\system\Database\MySQLi\Connection.php:306
Stack trace:
#0 C:\xampp\htdocs\bookstore\system\Database\MySQLi\Connection.php(306): mysqli->query('INSERT INTO `bo...', 0)
#1 C:\xampp\htdocs\bookstore\system\Database\BaseConnection.php(693): CodeIgniter\Database\MySQLi\Connection->execute('INSERT INTO `bo...')
#2 C:\xampp\htdocs\bookstore\system\Database\BaseConnection.php(607): CodeIgniter\Database\BaseConnection->simpleQuery('INSERT INTO `bo...')
#3 C:\xampp\htdocs\bookstore\system\Database\BaseBuilder.php(2307): CodeIgniter\Database\BaseConnection->query('INSERT INTO `bo...', Array, false)
#4 C:\xampp\htdocs\bookstore\app\Controllers\NewBook.php(34): CodeIgniter\Database\BaseBuilder->insert(Array)
#5 C:\xampp\htdocs\bookstore\system\CodeIgniter.php(941): App\Controllers\NewBook->register()
#6 C:\xampp\htdocs\bookstore\system\CodeIgniter.php(502): CodeIgniter\CodeIgniter->runController(Object(App\Controllers\NewBook))
#7 C:\xampp\htdocs\bookstore\system\CodeIgniter.php(361): CodeIgniter\CodeIgniter->handleRequest(NULL, Object(Config\Cache), false)
#8 C:\xampp\htdocs\bookstore\public\index.php(79): CodeIgniter\CodeIgniter->run()
#9 {main}
CRITICAL - 2024-02-18 21:08:56 --> CodeIgniter\Database\Exceptions\DatabaseException: Column 'description' cannot be null
in SYSTEMPATH\Database\BaseConnection.php on line 647.
 1 SYSTEMPATH\Database\BaseBuilder.php(2307): CodeIgniter\Database\BaseConnection->query('INSERT INTO `book` (`title`, `author`, `category_id`, `description`) VALUES (:title:, :author:, :category_id:, :description:)', [...], false)
 2 APPPATH\Controllers\NewBook.php(34): CodeIgniter\Database\BaseBuilder->insert([...])
 3 SYSTEMPATH\CodeIgniter.php(941): App\Controllers\NewBook->register()
 4 SYSTEMPATH\CodeIgniter.php(502): CodeIgniter\CodeIgniter->runController(Object(App\Controllers\NewBook))
 5 SYSTEMPATH\CodeIgniter.php(361): CodeIgniter\CodeIgniter->handleRequest(null, Object(Config\Cache), false)
 6 FCPATH\index.php(79): CodeIgniter\CodeIgniter->run()
CRITICAL - 2024-02-18 21:08:56 --> [Caused by] CodeIgniter\Database\Exceptions\DatabaseException: Column 'description' cannot be null
in SYSTEMPATH\Database\MySQLi\Connection.php on line 311.
 1 SYSTEMPATH\Database\BaseConnection.php(693): CodeIgniter\Database\MySQLi\Connection->execute('INSERT INTO `book` (`title`, `author`, `category_id`, `description`) VALUES (\'The last\', \'ewqrweqr\', 1, NULL)')
 2 SYSTEMPATH\Database\BaseConnection.php(607): CodeIgniter\Database\BaseConnection->simpleQuery('INSERT INTO `book` (`title`, `author`, `category_id`, `description`) VALUES (\'The last\', \'ewqrweqr\', 1, NULL)')
 3 SYSTEMPATH\Database\BaseBuilder.php(2307): CodeIgniter\Database\BaseConnection->query('INSERT INTO `book` (`title`, `author`, `category_id`, `description`) VALUES (:title:, :author:, :category_id:, :description:)', [...], false)
 4 APPPATH\Controllers\NewBook.php(34): CodeIgniter\Database\BaseBuilder->insert([...])
 5 SYSTEMPATH\CodeIgniter.php(941): App\Controllers\NewBook->register()
 6 SYSTEMPATH\CodeIgniter.php(502): CodeIgniter\CodeIgniter->runController(Object(App\Controllers\NewBook))
 7 SYSTEMPATH\CodeIgniter.php(361): CodeIgniter\CodeIgniter->handleRequest(null, Object(Config\Cache), false)
 8 FCPATH\index.php(79): CodeIgniter\CodeIgniter->run()
CRITICAL - 2024-02-18 21:08:56 --> [Caused by] mysqli_sql_exception: Column 'description' cannot be null
in SYSTEMPATH\Database\MySQLi\Connection.php on line 306.
 1 SYSTEMPATH\Database\MySQLi\Connection.php(306): mysqli->query('INSERT INTO `book` (`title`, `author`, `category_id`, `description`) VALUES (\'The last\', \'ewqrweqr\', 1, NULL)', 0)
 2 SYSTEMPATH\Database\BaseConnection.php(693): CodeIgniter\Database\MySQLi\Connection->execute('INSERT INTO `book` (`title`, `author`, `category_id`, `description`) VALUES (\'The last\', \'ewqrweqr\', 1, NULL)')
 3 SYSTEMPATH\Database\BaseConnection.php(607): CodeIgniter\Database\BaseConnection->simpleQuery('INSERT INTO `book` (`title`, `author`, `category_id`, `description`) VALUES (\'The last\', \'ewqrweqr\', 1, NULL)')
 4 SYSTEMPATH\Database\BaseBuilder.php(2307): CodeIgniter\Database\BaseConnection->query('INSERT INTO `book` (`title`, `author`, `category_id`, `description`) VALUES (:title:, :author:, :category_id:, :description:)', [...], false)
 5 APPPATH\Controllers\NewBook.php(34): CodeIgniter\Database\BaseBuilder->insert([...])
 6 SYSTEMPATH\CodeIgniter.php(941): App\Controllers\NewBook->register()
 7 SYSTEMPATH\CodeIgniter.php(502): CodeIgniter\CodeIgniter->runController(Object(App\Controllers\NewBook))
 8 SYSTEMPATH\CodeIgniter.php(361): CodeIgniter\CodeIgniter->handleRequest(null, Object(Config\Cache), false)
 9 FCPATH\index.php(79): CodeIgniter\CodeIgniter->run()
ERROR - 2024-02-18 21:09:19 --> mysqli_sql_exception: Column 'description' cannot be null in C:\xampp\htdocs\bookstore\system\Database\MySQLi\Connection.php:306
Stack trace:
#0 C:\xampp\htdocs\bookstore\system\Database\MySQLi\Connection.php(306): mysqli->query('INSERT INTO `bo...', 0)
#1 C:\xampp\htdocs\bookstore\system\Database\BaseConnection.php(693): CodeIgniter\Database\MySQLi\Connection->execute('INSERT INTO `bo...')
#2 C:\xampp\htdocs\bookstore\system\Database\BaseConnection.php(607): CodeIgniter\Database\BaseConnection->simpleQuery('INSERT INTO `bo...')
#3 C:\xampp\htdocs\bookstore\system\Database\BaseBuilder.php(2307): CodeIgniter\Database\BaseConnection->query('INSERT INTO `bo...', Array, false)
#4 C:\xampp\htdocs\bookstore\app\Controllers\NewBook.php(34): CodeIgniter\Database\BaseBuilder->insert(Array)
#5 C:\xampp\htdocs\bookstore\system\CodeIgniter.php(941): App\Controllers\NewBook->register()
#6 C:\xampp\htdocs\bookstore\system\CodeIgniter.php(502): CodeIgniter\CodeIgniter->runController(Object(App\Controllers\NewBook))
#7 C:\xampp\htdocs\bookstore\system\CodeIgniter.php(361): CodeIgniter\CodeIgniter->handleRequest(NULL, Object(Config\Cache), false)
#8 C:\xampp\htdocs\bookstore\public\index.php(79): CodeIgniter\CodeIgniter->run()
#9 {main}
CRITICAL - 2024-02-18 21:09:19 --> CodeIgniter\Database\Exceptions\DatabaseException: Column 'description' cannot be null
in SYSTEMPATH\Database\BaseConnection.php on line 647.
 1 SYSTEMPATH\Database\BaseBuilder.php(2307): CodeIgniter\Database\BaseConnection->query('INSERT INTO `book` (`title`, `author`, `category_id`, `description`) VALUES (:title:, :author:, :category_id:, :description:)', [...], false)
 2 APPPATH\Controllers\NewBook.php(34): CodeIgniter\Database\BaseBuilder->insert([...])
 3 SYSTEMPATH\CodeIgniter.php(941): App\Controllers\NewBook->register()
 4 SYSTEMPATH\CodeIgniter.php(502): CodeIgniter\CodeIgniter->runController(Object(App\Controllers\NewBook))
 5 SYSTEMPATH\CodeIgniter.php(361): CodeIgniter\CodeIgniter->handleRequest(null, Object(Config\Cache), false)
 6 FCPATH\index.php(79): CodeIgniter\CodeIgniter->run()
CRITICAL - 2024-02-18 21:09:19 --> [Caused by] CodeIgniter\Database\Exceptions\DatabaseException: Column 'description' cannot be null
in SYSTEMPATH\Database\MySQLi\Connection.php on line 311.
 1 SYSTEMPATH\Database\BaseConnection.php(693): CodeIgniter\Database\MySQLi\Connection->execute('INSERT INTO `book` (`title`, `author`, `category_id`, `description`) VALUES (\'The last\', \'sdasd\', 1, NULL)')
 2 SYSTEMPATH\Database\BaseConnection.php(607): CodeIgniter\Database\BaseConnection->simpleQuery('INSERT INTO `book` (`title`, `author`, `category_id`, `description`) VALUES (\'The last\', \'sdasd\', 1, NULL)')
 3 SYSTEMPATH\Database\BaseBuilder.php(2307): CodeIgniter\Database\BaseConnection->query('INSERT INTO `book` (`title`, `author`, `category_id`, `description`) VALUES (:title:, :author:, :category_id:, :description:)', [...], false)
 4 APPPATH\Controllers\NewBook.php(34): CodeIgniter\Database\BaseBuilder->insert([...])
 5 SYSTEMPATH\CodeIgniter.php(941): App\Controllers\NewBook->register()
 6 SYSTEMPATH\CodeIgniter.php(502): CodeIgniter\CodeIgniter->runController(Object(App\Controllers\NewBook))
 7 SYSTEMPATH\CodeIgniter.php(361): CodeIgniter\CodeIgniter->handleRequest(null, Object(Config\Cache), false)
 8 FCPATH\index.php(79): CodeIgniter\CodeIgniter->run()
CRITICAL - 2024-02-18 21:09:19 --> [Caused by] mysqli_sql_exception: Column 'description' cannot be null
in SYSTEMPATH\Database\MySQLi\Connection.php on line 306.
 1 SYSTEMPATH\Database\MySQLi\Connection.php(306): mysqli->query('INSERT INTO `book` (`title`, `author`, `category_id`, `description`) VALUES (\'The last\', \'sdasd\', 1, NULL)', 0)
 2 SYSTEMPATH\Database\BaseConnection.php(693): CodeIgniter\Database\MySQLi\Connection->execute('INSERT INTO `book` (`title`, `author`, `category_id`, `description`) VALUES (\'The last\', \'sdasd\', 1, NULL)')
 3 SYSTEMPATH\Database\BaseConnection.php(607): CodeIgniter\Database\BaseConnection->simpleQuery('INSERT INTO `book` (`title`, `author`, `category_id`, `description`) VALUES (\'The last\', \'sdasd\', 1, NULL)')
 4 SYSTEMPATH\Database\BaseBuilder.php(2307): CodeIgniter\Database\BaseConnection->query('INSERT INTO `book` (`title`, `author`, `category_id`, `description`) VALUES (:title:, :author:, :category_id:, :description:)', [...], false)
 5 APPPATH\Controllers\NewBook.php(34): CodeIgniter\Database\BaseBuilder->insert([...])
 6 SYSTEMPATH\CodeIgniter.php(941): App\Controllers\NewBook->register()
 7 SYSTEMPATH\CodeIgniter.php(502): CodeIgniter\CodeIgniter->runController(Object(App\Controllers\NewBook))
 8 SYSTEMPATH\CodeIgniter.php(361): CodeIgniter\CodeIgniter->handleRequest(null, Object(Config\Cache), false)
 9 FCPATH\index.php(79): CodeIgniter\CodeIgniter->run()
